=/pretest.json
{
  _: [],
  f: [
    '/home/runner/work/exp-bipolar-pwm-single-phase-inverter-rl-load-iitr/exp-bipolar-pwm-single-phase-inverter-rl-load-iitr/experiment/pretest.json'
  ],
  files: [
    '/home/runner/work/exp-bipolar-pwm-single-phase-inverter-rl-load-iitr/exp-bipolar-pwm-single-phase-inverter-rl-load-iitr/experiment/pretest.json'
  ],
  c: 'assessment',
  contentTypes: 'assessment',
  'content-types': 'assessment',
  '$0': 'validate'
}
Validated true
=/posttest.json
{
  _: [],
  f: [
    '/home/runner/work/exp-bipolar-pwm-single-phase-inverter-rl-load-iitr/exp-bipolar-pwm-single-phase-inverter-rl-load-iitr/experiment/posttest.json'
  ],
  files: [
    '/home/runner/work/exp-bipolar-pwm-single-phase-inverter-rl-load-iitr/exp-bipolar-pwm-single-phase-inverter-rl-load-iitr/experiment/posttest.json'
  ],
  c: 'assessment',
  contentTypes: 'assessment',
  'content-types': 'assessment',
  '$0': 'validate'
}
Validated true
